<?xml version="1.0" encoding="UTF-8"?>
<!-- Generated by org.testng.reporters.JUnitReportReporter -->
<testsuite hostname="LAPTOP-N8SRIHIM" failures="0" tests="1" name="testCases.TC002_LoginTest" time="2.244" errors="0" timestamp="2024-12-18T21:54:22 IST" skipped="0">
  <testcase classname="testCases.TC002_LoginTest" name="verify_login" time="2.244"/>
</testsuite> <!-- testCases.TC002_LoginTest -->
