<?xml version="1.0" encoding="UTF-8"?>
<!-- Generated by org.testng.reporters.JUnitReportReporter -->
<testsuite hostname="LAPTOP-N8SRIHIM" failures="0" tests="1" name="testCases.TC001_AccountRegistrationTest" time="2.554" errors="0" timestamp="2024-12-18T21:54:22 IST" skipped="0">
  <testcase classname="testCases.TC001_AccountRegistrationTest" name="verify_account_registration" time="2.554"/>
</testsuite> <!-- testCases.TC001_AccountRegistrationTest -->
