<?xml version="1.0" encoding="UTF-8"?>
<!-- Generated by org.testng.reporters.JUnitReportReporter -->
<testsuite hostname="LAPTOP-N8SRIHIM" failures="0" tests="1" name="testCases.TC002_LoginTest" time="2.142" errors="0" timestamp="2024-12-19T13:30:51 IST" skipped="0">
  <testcase classname="testCases.TC002_LoginTest" name="verify_login" time="2.142"/>
</testsuite> <!-- testCases.TC002_LoginTest -->
